<?xml version="1.0" encoding="UTF-8"?>
<!-- Generated by org.testng.reporters.JUnitReportReporter -->
<testsuite hostname="DESKTOP-MVRU56S" failures="0" tests="3" name="com.crm.qa.testcases.HomePageTest" time="106.119" errors="0" timestamp="03 Jun 2021 13:23:53 GMT" skipped="1">
  <testcase classname="com.crm.qa.testcases.HomePageTest" name="verifyHomePageTitleTest" time="64.276"/>
  <testcase classname="com.crm.qa.testcases.HomePageTest" name="verifyUserNameTest" time="41.843"/>
  <testcase classname="com.crm.qa.testcases.HomePageTest" name="verifyContactsLinkTest">
    <skipped/>
  </testcase> <!-- verifyContactsLinkTest -->
</testsuite> <!-- com.crm.qa.testcases.HomePageTest -->
